<?xml version="1.0" encoding="UTF-8"?>
<!-- Generated by org.testng.reporters.JUnitXMLReporter -->
<testsuite ignored="2" hostname="DESKTOP-I3V29VC" failures="0" tests="1" name="Test" time="273.568" errors="0" timestamp="2025-04-18T17:19:21 IST">
  <testcase classname="test.SampleTest" name="testingSelenium" time="0.003"/>
  <testcase classname="test.SampleTest" name="testWithDataFromExcel" time="0.0">
    <ignored/>
  </testcase> <!-- testWithDataFromExcel -->
  <testcase classname="test.SampleTest" name="testWithDataProvider" time="0.0">
    <ignored/>
  </testcase> <!-- testWithDataProvider -->
</testsuite> <!-- Test -->
