<?xml version="1.0" encoding="UTF-8"?>
<!-- Generated by org.testng.reporters.JUnitXMLReporter -->
<testsuite ignored="3" hostname="DESKTOP-I3V29VC" failures="0" tests="1" name="Test" time="127.999" errors="0" timestamp="2025-05-09T16:25:53 IST">
  <testcase classname="test.Test_With_Sequential_Execution" name="dummyTest" time="0.004"/>
  <testcase classname="test.Test_With_Sequential_Execution" name="testingSelenium" time="0.0">
    <ignored/>
  </testcase> <!-- testingSelenium -->
  <testcase classname="test.Test_With_Sequential_Execution" name="testWithDataProvider" time="0.0">
    <ignored/>
  </testcase> <!-- testWithDataProvider -->
  <testcase classname="test.Test_With_Sequential_Execution" name="testWithDataFromExcel" time="0.0">
    <ignored/>
  </testcase> <!-- testWithDataFromExcel -->
</testsuite> <!-- Test -->
