<?xml version="1.0" encoding="UTF-8"?>
<testng-results ignored="3" total="4" passed="1" failed="0" skipped="0">
  <reporter-output>
  </reporter-output>
  <suite started-at="2025-05-09T16:23:43 IST" name="Suite" finished-at="2025-05-09T16:25:51 IST" duration-ms="127999">
    <groups>
    </groups>
    <test started-at="2025-05-09T16:23:43 IST" name="Test" finished-at="2025-05-09T16:25:51 IST" duration-ms="127999">
      <class name="test.Test_With_Sequential_Execution">
        <test-method is-config="true" signature="beforeTest()[pri:0, instance:test.Test_With_Sequential_Execution@5ae50ce6]" started-at="2025-05-09T16:23:43 IST" name="beforeTest" finished-at="2025-05-09T16:23:44 IST" duration-ms="1001" status="PASS">
          <reporter-output>
          </reporter-output>
        </test-method> <!-- beforeTest -->
        <test-method is-config="true" signature="beforeMethod(java.lang.reflect.Method)[pri:0, instance:test.Test_With_Sequential_Execution@5ae50ce6]" started-at="2025-05-09T16:23:44 IST" name="beforeMethod" finished-at="2025-05-09T16:25:28 IST" duration-ms="104338" status="PASS">
          <params>
            <param index="0">
              <value>
                <![CDATA[public void test.Test_With_Sequential_Execution.dummyTest()]]>
              </value>
            </param>
          </params>
          <reporter-output>
          </reporter-output>
        </test-method> <!-- beforeMethod -->
        <test-method signature="dummyTest()[pri:0, instance:test.Test_With_Sequential_Execution@5ae50ce6]" started-at="2025-05-09T16:25:28 IST" name="dummyTest" finished-at="2025-05-09T16:25:28 IST" duration-ms="4" status="PASS">
          <reporter-output>
          </reporter-output>
        </test-method> <!-- dummyTest -->
        <test-method is-config="true" signature="afterMethod(org.testng.ITestResult)[pri:0, instance:test.Test_With_Sequential_Execution@5ae50ce6]" started-at="2025-05-09T16:25:28 IST" name="afterMethod" finished-at="2025-05-09T16:25:46 IST" duration-ms="18307" status="PASS">
          <params>
            <param index="0">
              <value>
                <![CDATA[[TestResult name=dummyTest status=SUCCESS method=Test_With_Sequential_Execution.dummyTest()[pri:0, instance:test.Test_With_Sequential_Execution@5ae50ce6] output={null}]]]>
              </value>
            </param>
          </params>
          <reporter-output>
          </reporter-output>
        </test-method> <!-- afterMethod -->
        <test-method is-config="true" signature="afterTest()[pri:0, instance:test.Test_With_Sequential_Execution@5ae50ce6]" started-at="2025-05-09T16:25:46 IST" name="afterTest" finished-at="2025-05-09T16:25:51 IST" duration-ms="4290" status="PASS">
          <reporter-output>
          </reporter-output>
        </test-method> <!-- afterTest -->
      </class> <!-- test.Test_With_Sequential_Execution -->
    </test> <!-- Test -->
  </suite> <!-- Suite -->
</testng-results>
