<?xml version="1.0" encoding="UTF-8"?>
<testsuite xmlns:xsi="http://www.w3.org/2001/XMLSchema-instance" xsi:noNamespaceSchemaLocation="https://maven.apache.org/surefire/maven-surefire-plugin/xsd/surefire-test-report.xsd" version="3.0.2" name="TestSuite" time="133.504" tests="1" errors="0" skipped="0" failures="0">
  <properties>
[...]
</properties>
  <testcase name="dummyTest" classname="test.Test_With_Sequential_Execution" time="0.007">
    <system-out><![CDATA[Browser Name : chrome
ChromeDriver: chrome on windows (95ac7b64aa47703e2440c8edffd9a28c)
]]></system-out>
  </testcase>
</testsuite>