<?xml version="1.0" encoding="UTF-8"?>
<testng-results ignored="2" total="3" passed="1" failed="0" skipped="0">
  <reporter-output>
  </reporter-output>
  <suite started-at="2025-04-18T17:14:46 IST" name="Suite" finished-at="2025-04-18T17:19:19 IST" duration-ms="273568">
    <groups>
    </groups>
    <test started-at="2025-04-18T17:14:46 IST" name="Test" finished-at="2025-04-18T17:19:19 IST" duration-ms="273568">
      <class name="test.SampleTest">
        <test-method is-config="true" signature="beforeSuite()[pri:0, instance:test.SampleTest@63021689]" started-at="2025-04-18T17:14:45 IST" name="beforeSuite" finished-at="2025-04-18T17:14:46 IST" duration-ms="1154" status="PASS">
          <reporter-output>
          </reporter-output>
        </test-method> <!-- beforeSuite -->
        <test-method is-config="true" signature="beforeTest()[pri:0, instance:test.SampleTest@63021689]" started-at="2025-04-18T17:14:46 IST" name="beforeTest" finished-at="2025-04-18T17:14:46 IST" duration-ms="1" status="PASS">
          <reporter-output>
          </reporter-output>
        </test-method> <!-- beforeTest -->
        <test-method is-config="true" signature="beforeClass()[pri:0, instance:test.SampleTest@63021689]" started-at="2025-04-18T17:14:46 IST" name="beforeClass" finished-at="2025-04-18T17:14:46 IST" duration-ms="2" status="PASS">
          <reporter-output>
          </reporter-output>
        </test-method> <!-- beforeClass -->
        <test-method is-config="true" signature="beforeMethod(java.lang.reflect.Method)[pri:0, instance:test.SampleTest@63021689]" started-at="2025-04-18T17:14:46 IST" name="beforeMethod" finished-at="2025-04-18T17:18:47 IST" duration-ms="241370" status="PASS">
          <params>
            <param index="0">
              <value>
                <![CDATA[public void test.SampleTest.testingSelenium()]]>
              </value>
            </param>
          </params>
          <reporter-output>
          </reporter-output>
        </test-method> <!-- beforeMethod -->
        <test-method signature="testingSelenium()[pri:0, instance:test.SampleTest@63021689]" started-at="2025-04-18T17:18:47 IST" name="testingSelenium" finished-at="2025-04-18T17:18:47 IST" duration-ms="3" status="PASS">
          <reporter-output>
          </reporter-output>
        </test-method> <!-- testingSelenium -->
        <test-method is-config="true" signature="afterMethod(org.testng.ITestResult)[pri:0, instance:test.SampleTest@63021689]" started-at="2025-04-18T17:18:47 IST" name="afterMethod" finished-at="2025-04-18T17:19:19 IST" duration-ms="32133" status="PASS">
          <params>
            <param index="0">
              <value>
                <![CDATA[[TestResult name=testingSelenium status=SUCCESS method=SampleTest.testingSelenium()[pri:0, instance:test.SampleTest@63021689] output={null}]]]>
              </value>
            </param>
          </params>
          <reporter-output>
          </reporter-output>
        </test-method> <!-- afterMethod -->
        <test-method is-config="true" signature="afterClass()[pri:0, instance:test.SampleTest@63021689]" started-at="2025-04-18T17:19:19 IST" name="afterClass" finished-at="2025-04-18T17:19:19 IST" duration-ms="0" status="PASS">
          <reporter-output>
          </reporter-output>
        </test-method> <!-- afterClass -->
        <test-method is-config="true" signature="afterTest()[pri:0, instance:test.SampleTest@63021689]" started-at="2025-04-18T17:19:19 IST" name="afterTest" finished-at="2025-04-18T17:19:19 IST" duration-ms="0" status="PASS">
          <reporter-output>
          </reporter-output>
        </test-method> <!-- afterTest -->
        <test-method is-config="true" signature="afterSuite()[pri:0, instance:test.SampleTest@63021689]" started-at="2025-04-18T17:19:21 IST" name="afterSuite" finished-at="2025-04-18T17:19:27 IST" duration-ms="5966" status="PASS">
          <reporter-output>
          </reporter-output>
        </test-method> <!-- afterSuite -->
      </class> <!-- test.SampleTest -->
    </test> <!-- Test -->
  </suite> <!-- Suite -->
</testng-results>
